Using pre-set license
Built from '2020.3/release' branch; Version is '2020.3.7f1 (dd97f2c94397) revision 14522354'; Using compiler version '192528614'; Build Type 'Release'
OS: 'Windows 10 Pro; OS build 19044.1645; Version 2009; 64bit' Language: 'pt' Physical Memory: 16276 MB
BatchMode: 1, IsHumanControllingUs: 0, StartBugReporterOnCrash: 0, Is64bit: 1, IsPro: 0

 COMMAND LINE ARGUMENTS:
C:\Program Files\Unity\Hub\Editor\2020.3.7f1\Editor\Unity.exe
-adb2
-batchMode
-noUpm
-name
AssetImportWorker0
-projectPath
E:/Francisco Cecílio/Desktop/ARCADE/Physio/Physio
-logFile
Logs/AssetImportWorker0.log
-srvPort
64929
Successfully changed project path to: E:/Francisco Cecílio/Desktop/ARCADE/Physio/Physio
E:/Francisco Cecílio/Desktop/ARCADE/Physio/Physio
Using Asset Import Pipeline V2.
Refreshing native plugins compatible for Editor in 70.13 ms, found 1 plugins.
Preloading 0 native plugins for Editor in 0.00 ms.
Initialize engine version: 2020.3.7f1 (dd97f2c94397)
[Subsystems] Discovering subsystems at path C:/Program Files/Unity/Hub/Editor/2020.3.7f1/Editor/Data/Resources/UnitySubsystems
[Subsystems] Discovering subsystems at path E:/Francisco Cecílio/Desktop/ARCADE/Physio/Physio/Assets
GfxDevice: creating device client; threaded=0
Direct3D:
    Version:  Direct3D 11.0 [level 11.0]
    Renderer: NVIDIA GeForce GTX 950M (ID=0x139a)
    Vendor:   
    VRAM:     4055 MB
    Driver:   27.21.14.6677
Initialize mono
Mono path[0] = 'C:/Program Files/Unity/Hub/Editor/2020.3.7f1/Editor/Data/Managed'
Mono path[1] = 'C:/Program Files/Unity/Hub/Editor/2020.3.7f1/Editor/Data/MonoBleedingEdge/lib/mono/unityjit'
Mono config path = 'C:/Program Files/Unity/Hub/Editor/2020.3.7f1/Editor/Data/MonoBleedingEdge/etc'
Using monoOptions --debugger-agent=transport=dt_socket,embedding=1,server=y,suspend=n,address=127.0.0.1:56280
Begin MonoManager ReloadAssembly
Registering precompiled unity dll's ...
Register platform support module: C:/Program Files/Unity/Hub/Editor/2020.3.7f1/Editor/Data/PlaybackEngines/WindowsStandaloneSupport/UnityEditor.WindowsStandalone.Extensions.dll
Registered in 0.003278 seconds.
Native extension for WindowsStandalone target not found
Refreshing native plugins compatible for Editor in 54.13 ms, found 1 plugins.
Preloading 0 native plugins for Editor in 0.00 ms.
Mono: successfully reloaded assembly
- Completed reload, in  3.014 seconds
Platform modules already initialized, skipping
Registering precompiled user dll's ...
Registered in 0.005516 seconds.
Begin MonoManager ReloadAssembly
Native extension for WindowsStandalone target not found
Refreshing native plugins compatible for Editor in 0.79 ms, found 1 plugins.
Preloading 0 native plugins for Editor in 0.00 ms.
Mono: successfully reloaded assembly
- Completed reload, in  1.234 seconds
Platform modules already initialized, skipping
========================================================================
Worker process is ready to serve import requests
Launched and connected shader compiler UnityShaderCompiler.exe after 0.10 seconds
Refreshing native plugins compatible for Editor in 0.85 ms, found 1 plugins.
Preloading 0 native plugins for Editor in 0.00 ms.
Unloading 1980 Unused Serialized files (Serialized files now loaded: 0)
System memory in use before: 85.6 MB.
System memory in use after: 85.7 MB.

Unloading 57 unused Assets to reduce memory usage. Loaded Objects now: 2394.
Total: 7.255200 ms (FindLiveObjects: 0.316200 ms CreateObjectMapping: 0.210400 ms MarkObjects: 6.616700 ms  DeleteObjects: 0.110100 ms)

========================================================================
Received Import Request.
  path: Assets/Resources/Images/pngegg (6).png
  artifactKey: Guid(415601e47ee0a974a8cf72c0d77f5819) Importer(815301076,1909f56bfc062723c751e8b465ee728b)
Start importing Assets/Resources/Images/pngegg (6).png using Guid(415601e47ee0a974a8cf72c0d77f5819) Importer(815301076,1909f56bfc062723c751e8b465ee728b)  -> (artifact id: '84e76d87ab2c17b9545025973c2e9a37') in 0.086282 seconds
  Import took 0.092229 seconds .

========================================================================
Received Import Request.
  Time since last request: 0.600786 seconds.
  path: Assets/Resources/Images/pngegg (6).png
  artifactKey: Guid(415601e47ee0a974a8cf72c0d77f5819) Importer(815301076,1909f56bfc062723c751e8b465ee728b)
Start importing Assets/Resources/Images/pngegg (6).png using Guid(415601e47ee0a974a8cf72c0d77f5819) Importer(815301076,1909f56bfc062723c751e8b465ee728b)  -> (artifact id: '84e76d87ab2c17b9545025973c2e9a37') in 0.042382 seconds
  Import took 0.046881 seconds .

========================================================================
Received Import Request.
  Time since last request: 1.164126 seconds.
  path: Assets/Resources/Images/pngegg (6).png
  artifactKey: Guid(415601e47ee0a974a8cf72c0d77f5819) Importer(815301076,1909f56bfc062723c751e8b465ee728b)
Start importing Assets/Resources/Images/pngegg (6).png using Guid(415601e47ee0a974a8cf72c0d77f5819) Importer(815301076,1909f56bfc062723c751e8b465ee728b)  -> (artifact id: 'd9b941476f7f95492229fb1448ebd49a') in 0.069252 seconds
  Import took 0.116181 seconds .

========================================================================
Received Import Request.
  Time since last request: 121.188985 seconds.
  path: Assets/Resources/Images/minus-icon-19.jpg
  artifactKey: Guid(a219beec7e59b9c4b8d056be9ccf6777) Importer(815301076,1909f56bfc062723c751e8b465ee728b)
Start importing Assets/Resources/Images/minus-icon-19.jpg using Guid(a219beec7e59b9c4b8d056be9ccf6777) Importer(815301076,1909f56bfc062723c751e8b465ee728b)  -> (artifact id: '1791a8cfd13a9ca5bc22c76fd01f4df0') in 0.010563 seconds
  Import took 0.048044 seconds .

========================================================================
Received Import Request.
  Time since last request: 3.735988 seconds.
  path: Assets/Resources/Images/minus-icon-19.jpg
  artifactKey: Guid(a219beec7e59b9c4b8d056be9ccf6777) Importer(815301076,1909f56bfc062723c751e8b465ee728b)
Start importing Assets/Resources/Images/minus-icon-19.jpg using Guid(a219beec7e59b9c4b8d056be9ccf6777) Importer(815301076,1909f56bfc062723c751e8b465ee728b)  -> (artifact id: '89cfa0d77567d774053c4251fb94f196') in 0.011451 seconds
  Import took 0.016365 seconds .

========================================================================
Received Import Request.
  Time since last request: 0.006084 seconds.
  path: Assets/Resources/Images/minus-icon-19.jpg
  artifactKey: Guid(a219beec7e59b9c4b8d056be9ccf6777) Importer(815301076,1909f56bfc062723c751e8b465ee728b)
Start importing Assets/Resources/Images/minus-icon-19.jpg using Guid(a219beec7e59b9c4b8d056be9ccf6777) Importer(815301076,1909f56bfc062723c751e8b465ee728b)  -> (artifact id: '89cfa0d77567d774053c4251fb94f196') in 0.010342 seconds
  Import took 0.014894 seconds .

========================================================================
Received Import Request.
  Time since last request: 1106.563323 seconds.
  path: Assets/Prefabs/UI/List element.prefab
  artifactKey: Guid(00d448ecfc26ba74782192a7c6b2cefd) Importer(815301076,1909f56bfc062723c751e8b465ee728b)
Start importing Assets/Prefabs/UI/List element.prefab using Guid(00d448ecfc26ba74782192a7c6b2cefd) Importer(815301076,1909f56bfc062723c751e8b465ee728b)  -> (artifact id: '32dfbcf82785b1331886b8bd4d181d90') in 0.168035 seconds
  Import took 0.173055 seconds .

========================================================================
Received Import Request.
  Time since last request: 15.986888 seconds.
  path: Assets/Prefabs/UI/List element 1.prefab
  artifactKey: Guid(8dffd4aab2560a64c81d83073d94d853) Importer(815301076,1909f56bfc062723c751e8b465ee728b)
Start importing Assets/Prefabs/UI/List element 1.prefab using Guid(8dffd4aab2560a64c81d83073d94d853) Importer(815301076,1909f56bfc062723c751e8b465ee728b)  -> (artifact id: 'c29b12f3974f2ea98c4c6df6ffb4abf2') in 0.062347 seconds
  Import took 0.111227 seconds .

========================================================================
Received Import Request.
  Time since last request: 12.137564 seconds.
  path: Assets/Prefabs/UI/List elementOLD.prefab
  artifactKey: Guid(8dffd4aab2560a64c81d83073d94d853) Importer(815301076,1909f56bfc062723c751e8b465ee728b)
Start importing Assets/Prefabs/UI/List elementOLD.prefab using Guid(8dffd4aab2560a64c81d83073d94d853) Importer(815301076,1909f56bfc062723c751e8b465ee728b)  -> (artifact id: 'a9b78367b7e5e039fc656bc677d080a3') in 0.057850 seconds
  Import took 0.106669 seconds .

========================================================================
Received Import Request.
  Time since last request: 9.579208 seconds.
  path: Assets/Prefabs/UI/List element.prefab
  artifactKey: Guid(00d448ecfc26ba74782192a7c6b2cefd) Importer(815301076,1909f56bfc062723c751e8b465ee728b)
Start importing Assets/Prefabs/UI/List element.prefab using Guid(00d448ecfc26ba74782192a7c6b2cefd) Importer(815301076,1909f56bfc062723c751e8b465ee728b)  -> (artifact id: 'b6fa46475c71e3ab89f692cd74054ce0') in 0.061436 seconds
  Import took 0.110947 seconds .

========================================================================
Received Import Request.
  Time since last request: 5.325431 seconds.
  path: Assets/Prefabs/UI/List element.prefab
  artifactKey: Guid(00d448ecfc26ba74782192a7c6b2cefd) Importer(815301076,1909f56bfc062723c751e8b465ee728b)
Start importing Assets/Prefabs/UI/List element.prefab using Guid(00d448ecfc26ba74782192a7c6b2cefd) Importer(815301076,1909f56bfc062723c751e8b465ee728b)  -> (artifact id: 'aad0080f52065bedb907926739e16ed9') in 0.060706 seconds
  Import took 0.099023 seconds .

========================================================================
Received Import Request.
  Time since last request: 1.322648 seconds.
  path: Assets/Prefabs/UI/List element.prefab
  artifactKey: Guid(00d448ecfc26ba74782192a7c6b2cefd) Importer(815301076,1909f56bfc062723c751e8b465ee728b)
Start importing Assets/Prefabs/UI/List element.prefab using Guid(00d448ecfc26ba74782192a7c6b2cefd) Importer(815301076,1909f56bfc062723c751e8b465ee728b)  -> (artifact id: '81b8f17cb45e4e7dda6669fe099dc429') in 0.060155 seconds
  Import took 0.098029 seconds .

========================================================================
Received Import Request.
  Time since last request: 2.153418 seconds.
  path: Assets/Prefabs/UI/List element.prefab
  artifactKey: Guid(00d448ecfc26ba74782192a7c6b2cefd) Importer(815301076,1909f56bfc062723c751e8b465ee728b)
Start importing Assets/Prefabs/UI/List element.prefab using Guid(00d448ecfc26ba74782192a7c6b2cefd) Importer(815301076,1909f56bfc062723c751e8b465ee728b)  -> (artifact id: 'ce60908a501915ca833815c63540b717') in 0.056958 seconds
  Import took 0.105419 seconds .

========================================================================
Received Import Request.
  Time since last request: 8.604775 seconds.
  path: Assets/Prefabs/UI/List element.prefab
  artifactKey: Guid(00d448ecfc26ba74782192a7c6b2cefd) Importer(815301076,1909f56bfc062723c751e8b465ee728b)
Start importing Assets/Prefabs/UI/List element.prefab using Guid(00d448ecfc26ba74782192a7c6b2cefd) Importer(815301076,1909f56bfc062723c751e8b465ee728b)  -> (artifact id: 'ec6501cc329163c6c0c466db665b259d') in 0.059298 seconds
  Import took 0.107890 seconds .

========================================================================
Received Import Request.
  Time since last request: 2.303730 seconds.
  path: Assets/Prefabs/UI/List element.prefab
  artifactKey: Guid(00d448ecfc26ba74782192a7c6b2cefd) Importer(815301076,1909f56bfc062723c751e8b465ee728b)
Start importing Assets/Prefabs/UI/List element.prefab using Guid(00d448ecfc26ba74782192a7c6b2cefd) Importer(815301076,1909f56bfc062723c751e8b465ee728b)  -> (artifact id: '6360ef0ea3e2639b47b0248fddf8afbf') in 0.059528 seconds
  Import took 0.108527 seconds .

========================================================================
Received Import Request.
  Time since last request: 1.365111 seconds.
  path: Assets/Prefabs/UI/List element.prefab
  artifactKey: Guid(00d448ecfc26ba74782192a7c6b2cefd) Importer(815301076,1909f56bfc062723c751e8b465ee728b)
Start importing Assets/Prefabs/UI/List element.prefab using Guid(00d448ecfc26ba74782192a7c6b2cefd) Importer(815301076,1909f56bfc062723c751e8b465ee728b)  -> (artifact id: 'f2dd4468b280d35c5a8a71488570a604') in 0.057436 seconds
  Import took 0.106483 seconds .

========================================================================
Received Import Request.
  Time since last request: 39.144799 seconds.
  path: Assets/Prefabs/UI/List element.prefab
  artifactKey: Guid(00d448ecfc26ba74782192a7c6b2cefd) Importer(815301076,1909f56bfc062723c751e8b465ee728b)
Start importing Assets/Prefabs/UI/List element.prefab using Guid(00d448ecfc26ba74782192a7c6b2cefd) Importer(815301076,1909f56bfc062723c751e8b465ee728b)  -> (artifact id: '17476462ac725d0c9a5973af9d7f152c') in 0.064098 seconds
  Import took 0.068907 seconds .

========================================================================
Received Import Request.
  Time since last request: 4.174298 seconds.
  path: Assets/Prefabs/UI/List element.prefab
  artifactKey: Guid(00d448ecfc26ba74782192a7c6b2cefd) Importer(815301076,1909f56bfc062723c751e8b465ee728b)
Start importing Assets/Prefabs/UI/List element.prefab using Guid(00d448ecfc26ba74782192a7c6b2cefd) Importer(815301076,1909f56bfc062723c751e8b465ee728b)  -> (artifact id: '95469970982e03d39c11b69ec842377a') in 0.056335 seconds
  Import took 0.095071 seconds .

========================================================================
Received Import Request.
  Time since last request: 6.259828 seconds.
  path: Assets/Prefabs/UI/List element.prefab
  artifactKey: Guid(00d448ecfc26ba74782192a7c6b2cefd) Importer(815301076,1909f56bfc062723c751e8b465ee728b)
Start importing Assets/Prefabs/UI/List element.prefab using Guid(00d448ecfc26ba74782192a7c6b2cefd) Importer(815301076,1909f56bfc062723c751e8b465ee728b)  -> (artifact id: 'bcb6d8857086454786e938e5238297e2') in 0.058773 seconds
  Import took 0.107418 seconds .

========================================================================
Received Import Request.
  Time since last request: 2.733716 seconds.
  path: Assets/Prefabs/UI/List element.prefab
  artifactKey: Guid(00d448ecfc26ba74782192a7c6b2cefd) Importer(815301076,1909f56bfc062723c751e8b465ee728b)
Start importing Assets/Prefabs/UI/List element.prefab using Guid(00d448ecfc26ba74782192a7c6b2cefd) Importer(815301076,1909f56bfc062723c751e8b465ee728b)  -> (artifact id: 'd169608797c61fc667b71b0fd70ea982') in 0.056929 seconds
  Import took 0.106474 seconds .

========================================================================
Received Import Request.
  Time since last request: 7.577885 seconds.
  path: Assets/Prefabs/UI/List element.prefab
  artifactKey: Guid(00d448ecfc26ba74782192a7c6b2cefd) Importer(815301076,1909f56bfc062723c751e8b465ee728b)
Start importing Assets/Prefabs/UI/List element.prefab using Guid(00d448ecfc26ba74782192a7c6b2cefd) Importer(815301076,1909f56bfc062723c751e8b465ee728b)  -> (artifact id: '854c616f80d7ffb896a18a707b0107df') in 0.060235 seconds
  Import took 0.065027 seconds .

========================================================================
Received Import Request.
  Time since last request: 2.923576 seconds.
  path: Assets/Prefabs/UI/List element.prefab
  artifactKey: Guid(00d448ecfc26ba74782192a7c6b2cefd) Importer(815301076,1909f56bfc062723c751e8b465ee728b)
Start importing Assets/Prefabs/UI/List element.prefab using Guid(00d448ecfc26ba74782192a7c6b2cefd) Importer(815301076,1909f56bfc062723c751e8b465ee728b)  -> (artifact id: '73a2f1d84fb9cd22dcd045a111b6a391') in 0.063914 seconds
  Import took 0.102709 seconds .

========================================================================
Received Import Request.
  Time since last request: 5.745412 seconds.
  path: Assets/Prefabs/UI/List element.prefab
  artifactKey: Guid(00d448ecfc26ba74782192a7c6b2cefd) Importer(815301076,1909f56bfc062723c751e8b465ee728b)
Start importing Assets/Prefabs/UI/List element.prefab using Guid(00d448ecfc26ba74782192a7c6b2cefd) Importer(815301076,1909f56bfc062723c751e8b465ee728b)  -> (artifact id: '3ffcb392010c6a3090a3062c0d11cfaf') in 0.061220 seconds
  Import took 0.100251 seconds .

========================================================================
Received Import Request.
  Time since last request: 6.458057 seconds.
  path: Assets/Prefabs/UI/List element.prefab
  artifactKey: Guid(00d448ecfc26ba74782192a7c6b2cefd) Importer(815301076,1909f56bfc062723c751e8b465ee728b)
Start importing Assets/Prefabs/UI/List element.prefab using Guid(00d448ecfc26ba74782192a7c6b2cefd) Importer(815301076,1909f56bfc062723c751e8b465ee728b)  -> (artifact id: '07fd8e34d3a7e8e69eee2946af3ddf54') in 0.059499 seconds
  Import took 0.097891 seconds .

========================================================================
Received Import Request.
  Time since last request: 4.396676 seconds.
  path: Assets/Prefabs/UI/List element.prefab
  artifactKey: Guid(00d448ecfc26ba74782192a7c6b2cefd) Importer(815301076,1909f56bfc062723c751e8b465ee728b)
Start importing Assets/Prefabs/UI/List element.prefab using Guid(00d448ecfc26ba74782192a7c6b2cefd) Importer(815301076,1909f56bfc062723c751e8b465ee728b)  -> (artifact id: 'e26bce2967ca15c72dddc38f0aaa18a8') in 0.057649 seconds
  Import took 0.096383 seconds .

========================================================================
Received Import Request.
  Time since last request: 5.589210 seconds.
  path: Assets/Prefabs/UI/List element.prefab
  artifactKey: Guid(00d448ecfc26ba74782192a7c6b2cefd) Importer(815301076,1909f56bfc062723c751e8b465ee728b)
Start importing Assets/Prefabs/UI/List element.prefab using Guid(00d448ecfc26ba74782192a7c6b2cefd) Importer(815301076,1909f56bfc062723c751e8b465ee728b)  -> (artifact id: 'e0eabfa6c5f930df9bdb66854136f135') in 0.061877 seconds
  Import took 0.101166 seconds .

========================================================================
Received Import Request.
  Time since last request: 2.280946 seconds.
  path: Assets/Prefabs/UI/List element.prefab
  artifactKey: Guid(00d448ecfc26ba74782192a7c6b2cefd) Importer(815301076,1909f56bfc062723c751e8b465ee728b)
Start importing Assets/Prefabs/UI/List element.prefab using Guid(00d448ecfc26ba74782192a7c6b2cefd) Importer(815301076,1909f56bfc062723c751e8b465ee728b)  -> (artifact id: 'fd887d6f7a20eb945b8db206d49062d5') in 0.061265 seconds
  Import took 0.100080 seconds .

========================================================================
Received Import Request.
  Time since last request: 0.304618 seconds.
  path: Assets/Prefabs/UI/List element.prefab
  artifactKey: Guid(00d448ecfc26ba74782192a7c6b2cefd) Importer(815301076,1909f56bfc062723c751e8b465ee728b)
Start importing Assets/Prefabs/UI/List element.prefab using Guid(00d448ecfc26ba74782192a7c6b2cefd) Importer(815301076,1909f56bfc062723c751e8b465ee728b)  -> (artifact id: '816c03439ad9d639af6e6411778a98a8') in 0.059424 seconds
  Import took 0.098109 seconds .

========================================================================
Received Import Request.
  Time since last request: 1.327452 seconds.
  path: Assets/TextMesh Pro/Resources/Fonts & Materials/LiberationSans SDF - Fallback.asset
  artifactKey: Guid(2e498d1c8094910479dc3e1b768306a4) Importer(815301076,1909f56bfc062723c751e8b465ee728b)
Start importing Assets/TextMesh Pro/Resources/Fonts & Materials/LiberationSans SDF - Fallback.asset using Guid(2e498d1c8094910479dc3e1b768306a4) Importer(815301076,1909f56bfc062723c751e8b465ee728b)  -> (artifact id: '3ceb1221021483612f352fe9733d73b2') in 0.070280 seconds
  Import took 0.074922 seconds .

========================================================================
Received Import Request.
  Time since last request: 0.005024 seconds.
  path: Assets/TextMesh Pro/Resources/Fonts & Materials/LiberationSans SDF - Fallback.asset
  artifactKey: Guid(2e498d1c8094910479dc3e1b768306a4) Importer(815301076,1909f56bfc062723c751e8b465ee728b)
Start importing Assets/TextMesh Pro/Resources/Fonts & Materials/LiberationSans SDF - Fallback.asset using Guid(2e498d1c8094910479dc3e1b768306a4) Importer(815301076,1909f56bfc062723c751e8b465ee728b)  -> (artifact id: '3ceb1221021483612f352fe9733d73b2') in 0.021413 seconds
  Import took 0.026238 seconds .

AssetImportWorkerClient::OnTransportError - code=2 error=End of file
